2020-10-30 04:30:00,013 INFO 18116 [Timer] E:\ZYownStudy\jspREACT\REACT_BLOG\service\node_modules\egg-multipart\app\schedule\clean_tmpdir.js next time will execute after 86399992ms at 2020-10-31 04:30:00.005
2020-10-30 04:30:00,008 INFO 12040 [Job#160400340000751509548058715391] E:\ZYownStudy\jspREACT\REACT_BLOG\service\node_modules\egg-multipart\app\schedule\clean_tmpdir.js executing by app
2020-10-30 04:30:00,011 INFO 12040 [Job#160400340000751509548058715391] E:\ZYownStudy\jspREACT\REACT_BLOG\service\node_modules\egg-multipart\app\schedule\clean_tmpdir.js execute succeed, used 3ms. 
2020-10-30 11:13:18,475 INFO 3996 [egg-schedule]: register schedule E:\ZYownStudy\jspREACT\REACT_BLOG\service\node_modules\egg-multipart\app\schedule\clean_tmpdir.js
2020-10-30 11:13:18,475 INFO 3996 [egg-schedule]: register schedule E:\ZYownStudy\jspREACT\REACT_BLOG\service\node_modules\egg-logrotator\app\schedule\clean_log.js
2020-10-30 11:13:18,475 INFO 3996 [egg-schedule]: register schedule E:\ZYownStudy\jspREACT\REACT_BLOG\service\node_modules\egg-logrotator\app\schedule\rotate_by_file.js
2020-10-30 11:13:43,979 INFO 11732 [egg-schedule]: register schedule E:\ZYownStudy\jspREACT\REACT_BLOG\service\node_modules\egg-multipart\app\schedule\clean_tmpdir.js
2020-10-30 11:13:43,980 INFO 11732 [egg-schedule]: register schedule E:\ZYownStudy\jspREACT\REACT_BLOG\service\node_modules\egg-logrotator\app\schedule\clean_log.js
2020-10-30 11:13:43,980 INFO 11732 [egg-schedule]: register schedule E:\ZYownStudy\jspREACT\REACT_BLOG\service\node_modules\egg-logrotator\app\schedule\rotate_by_file.js
2020-10-30 11:15:23,043 INFO 15228 [egg-schedule]: register schedule E:\ZYownStudy\jspREACT\REACT_BLOG\service\node_modules\egg-multipart\app\schedule\clean_tmpdir.js
2020-10-30 11:15:23,043 INFO 15228 [egg-schedule]: register schedule E:\ZYownStudy\jspREACT\REACT_BLOG\service\node_modules\egg-logrotator\app\schedule\clean_log.js
2020-10-30 11:15:23,043 INFO 15228 [egg-schedule]: register schedule E:\ZYownStudy\jspREACT\REACT_BLOG\service\node_modules\egg-logrotator\app\schedule\rotate_by_file.js
2020-10-30 11:15:37,768 INFO 16692 [egg-schedule]: register schedule E:\ZYownStudy\jspREACT\REACT_BLOG\service\node_modules\egg-multipart\app\schedule\clean_tmpdir.js
2020-10-30 11:15:37,768 INFO 16692 [egg-schedule]: register schedule E:\ZYownStudy\jspREACT\REACT_BLOG\service\node_modules\egg-logrotator\app\schedule\clean_log.js
2020-10-30 11:15:37,768 INFO 16692 [egg-schedule]: register schedule E:\ZYownStudy\jspREACT\REACT_BLOG\service\node_modules\egg-logrotator\app\schedule\rotate_by_file.js
2020-10-30 11:16:02,462 INFO 11180 [egg-schedule]: register schedule E:\ZYownStudy\jspREACT\REACT_BLOG\service\node_modules\egg-multipart\app\schedule\clean_tmpdir.js
2020-10-30 11:16:02,462 INFO 11180 [egg-schedule]: register schedule E:\ZYownStudy\jspREACT\REACT_BLOG\service\node_modules\egg-logrotator\app\schedule\clean_log.js
2020-10-30 11:16:02,462 INFO 11180 [egg-schedule]: register schedule E:\ZYownStudy\jspREACT\REACT_BLOG\service\node_modules\egg-logrotator\app\schedule\rotate_by_file.js
2020-10-30 11:25:01,368 INFO 18016 [egg-schedule]: register schedule E:\ZYownStudy\jspREACT\REACT_BLOG\service\node_modules\egg-multipart\app\schedule\clean_tmpdir.js
2020-10-30 11:25:01,368 INFO 18016 [egg-schedule]: register schedule E:\ZYownStudy\jspREACT\REACT_BLOG\service\node_modules\egg-logrotator\app\schedule\clean_log.js
2020-10-30 11:25:01,368 INFO 18016 [egg-schedule]: register schedule E:\ZYownStudy\jspREACT\REACT_BLOG\service\node_modules\egg-logrotator\app\schedule\rotate_by_file.js
2020-10-30 11:25:56,640 INFO 12820 [egg-schedule]: register schedule E:\ZYownStudy\jspREACT\REACT_BLOG\service\node_modules\egg-multipart\app\schedule\clean_tmpdir.js
2020-10-30 11:25:56,640 INFO 12820 [egg-schedule]: register schedule E:\ZYownStudy\jspREACT\REACT_BLOG\service\node_modules\egg-logrotator\app\schedule\clean_log.js
2020-10-30 11:25:56,640 INFO 12820 [egg-schedule]: register schedule E:\ZYownStudy\jspREACT\REACT_BLOG\service\node_modules\egg-logrotator\app\schedule\rotate_by_file.js
2020-10-30 11:26:47,819 INFO 26028 [egg-schedule]: register schedule E:\ZYownStudy\jspREACT\REACT_BLOG\service\node_modules\egg-multipart\app\schedule\clean_tmpdir.js
2020-10-30 11:26:47,819 INFO 26028 [egg-schedule]: register schedule E:\ZYownStudy\jspREACT\REACT_BLOG\service\node_modules\egg-logrotator\app\schedule\clean_log.js
2020-10-30 11:26:47,819 INFO 26028 [egg-schedule]: register schedule E:\ZYownStudy\jspREACT\REACT_BLOG\service\node_modules\egg-logrotator\app\schedule\rotate_by_file.js
2020-10-30 11:53:00,594 INFO 11400 [egg-schedule]: register schedule E:\ZYownStudy\jspREACT\REACT_BLOG\service\node_modules\egg-multipart\app\schedule\clean_tmpdir.js
2020-10-30 11:53:00,594 INFO 11400 [egg-schedule]: register schedule E:\ZYownStudy\jspREACT\REACT_BLOG\service\node_modules\egg-logrotator\app\schedule\clean_log.js
2020-10-30 11:53:00,594 INFO 11400 [egg-schedule]: register schedule E:\ZYownStudy\jspREACT\REACT_BLOG\service\node_modules\egg-logrotator\app\schedule\rotate_by_file.js
2020-10-30 13:47:08,035 INFO 3036 [egg-schedule]: register schedule E:\ZYownStudy\jspREACT\REACT_BLOG\service\node_modules\egg-multipart\app\schedule\clean_tmpdir.js
2020-10-30 13:47:08,035 INFO 3036 [egg-schedule]: register schedule E:\ZYownStudy\jspREACT\REACT_BLOG\service\node_modules\egg-logrotator\app\schedule\clean_log.js
2020-10-30 13:47:08,035 INFO 3036 [egg-schedule]: register schedule E:\ZYownStudy\jspREACT\REACT_BLOG\service\node_modules\egg-logrotator\app\schedule\rotate_by_file.js
2020-10-30 13:47:50,510 INFO 12820 [egg-schedule]: register schedule E:\ZYownStudy\jspREACT\REACT_BLOG\service\node_modules\egg-multipart\app\schedule\clean_tmpdir.js
2020-10-30 13:47:50,510 INFO 12820 [egg-schedule]: register schedule E:\ZYownStudy\jspREACT\REACT_BLOG\service\node_modules\egg-logrotator\app\schedule\clean_log.js
2020-10-30 13:47:50,510 INFO 12820 [egg-schedule]: register schedule E:\ZYownStudy\jspREACT\REACT_BLOG\service\node_modules\egg-logrotator\app\schedule\rotate_by_file.js
2020-10-30 15:40:11,840 INFO 18596 [egg-schedule]: register schedule E:\ZYownStudy\jspREACT\REACT_BLOG\service\node_modules\egg-multipart\app\schedule\clean_tmpdir.js
2020-10-30 15:40:11,840 INFO 18596 [egg-schedule]: register schedule E:\ZYownStudy\jspREACT\REACT_BLOG\service\node_modules\egg-logrotator\app\schedule\clean_log.js
2020-10-30 15:40:11,840 INFO 18596 [egg-schedule]: register schedule E:\ZYownStudy\jspREACT\REACT_BLOG\service\node_modules\egg-logrotator\app\schedule\rotate_by_file.js
2020-10-30 15:41:09,591 INFO 9600 [egg-schedule]: register schedule E:\ZYownStudy\jspREACT\REACT_BLOG\service\node_modules\egg-multipart\app\schedule\clean_tmpdir.js
2020-10-30 15:41:09,591 INFO 9600 [egg-schedule]: register schedule E:\ZYownStudy\jspREACT\REACT_BLOG\service\node_modules\egg-logrotator\app\schedule\clean_log.js
2020-10-30 15:41:09,591 INFO 9600 [egg-schedule]: register schedule E:\ZYownStudy\jspREACT\REACT_BLOG\service\node_modules\egg-logrotator\app\schedule\rotate_by_file.js
2020-10-30 15:43:07,160 INFO 23156 [egg-schedule]: register schedule E:\ZYownStudy\jspREACT\REACT_BLOG\service\node_modules\egg-multipart\app\schedule\clean_tmpdir.js
2020-10-30 15:43:07,160 INFO 23156 [egg-schedule]: register schedule E:\ZYownStudy\jspREACT\REACT_BLOG\service\node_modules\egg-logrotator\app\schedule\clean_log.js
2020-10-30 15:43:07,160 INFO 23156 [egg-schedule]: register schedule E:\ZYownStudy\jspREACT\REACT_BLOG\service\node_modules\egg-logrotator\app\schedule\rotate_by_file.js
2020-10-30 15:43:54,760 INFO 24708 [egg-schedule]: register schedule E:\ZYownStudy\jspREACT\REACT_BLOG\service\node_modules\egg-multipart\app\schedule\clean_tmpdir.js
2020-10-30 15:43:54,760 INFO 24708 [egg-schedule]: register schedule E:\ZYownStudy\jspREACT\REACT_BLOG\service\node_modules\egg-logrotator\app\schedule\clean_log.js
2020-10-30 15:43:54,760 INFO 24708 [egg-schedule]: register schedule E:\ZYownStudy\jspREACT\REACT_BLOG\service\node_modules\egg-logrotator\app\schedule\rotate_by_file.js
2020-10-30 16:03:49,237 INFO 23340 [egg-schedule]: register schedule E:\ZYownStudy\jspREACT\REACT_BLOG\service\node_modules\egg-multipart\app\schedule\clean_tmpdir.js
2020-10-30 16:03:49,237 INFO 23340 [egg-schedule]: register schedule E:\ZYownStudy\jspREACT\REACT_BLOG\service\node_modules\egg-logrotator\app\schedule\clean_log.js
2020-10-30 16:03:49,237 INFO 23340 [egg-schedule]: register schedule E:\ZYownStudy\jspREACT\REACT_BLOG\service\node_modules\egg-logrotator\app\schedule\rotate_by_file.js
2020-10-30 16:05:11,552 INFO 13988 [egg-schedule]: register schedule E:\ZYownStudy\jspREACT\REACT_BLOG\service\node_modules\egg-multipart\app\schedule\clean_tmpdir.js
2020-10-30 16:05:11,552 INFO 13988 [egg-schedule]: register schedule E:\ZYownStudy\jspREACT\REACT_BLOG\service\node_modules\egg-logrotator\app\schedule\clean_log.js
2020-10-30 16:05:11,552 INFO 13988 [egg-schedule]: register schedule E:\ZYownStudy\jspREACT\REACT_BLOG\service\node_modules\egg-logrotator\app\schedule\rotate_by_file.js
2020-10-30 16:06:31,353 INFO 13984 [egg-schedule]: register schedule E:\ZYownStudy\jspREACT\REACT_BLOG\service\node_modules\egg-multipart\app\schedule\clean_tmpdir.js
2020-10-30 16:06:31,353 INFO 13984 [egg-schedule]: register schedule E:\ZYownStudy\jspREACT\REACT_BLOG\service\node_modules\egg-logrotator\app\schedule\clean_log.js
2020-10-30 16:06:31,353 INFO 13984 [egg-schedule]: register schedule E:\ZYownStudy\jspREACT\REACT_BLOG\service\node_modules\egg-logrotator\app\schedule\rotate_by_file.js
2020-10-30 16:07:27,896 INFO 13804 [egg-schedule]: register schedule E:\ZYownStudy\jspREACT\REACT_BLOG\service\node_modules\egg-multipart\app\schedule\clean_tmpdir.js
2020-10-30 16:07:27,896 INFO 13804 [egg-schedule]: register schedule E:\ZYownStudy\jspREACT\REACT_BLOG\service\node_modules\egg-logrotator\app\schedule\clean_log.js
2020-10-30 16:07:27,896 INFO 13804 [egg-schedule]: register schedule E:\ZYownStudy\jspREACT\REACT_BLOG\service\node_modules\egg-logrotator\app\schedule\rotate_by_file.js
2020-10-30 16:07:32,794 INFO 6120 [egg-schedule]: register schedule E:\ZYownStudy\jspREACT\REACT_BLOG\service\node_modules\egg-multipart\app\schedule\clean_tmpdir.js
2020-10-30 16:07:32,794 INFO 6120 [egg-schedule]: register schedule E:\ZYownStudy\jspREACT\REACT_BLOG\service\node_modules\egg-logrotator\app\schedule\clean_log.js
2020-10-30 16:07:32,794 INFO 6120 [egg-schedule]: register schedule E:\ZYownStudy\jspREACT\REACT_BLOG\service\node_modules\egg-logrotator\app\schedule\rotate_by_file.js
2020-10-30 16:08:17,081 INFO 26420 [egg-schedule]: register schedule E:\ZYownStudy\jspREACT\REACT_BLOG\service\node_modules\egg-multipart\app\schedule\clean_tmpdir.js
2020-10-30 16:08:17,081 INFO 26420 [egg-schedule]: register schedule E:\ZYownStudy\jspREACT\REACT_BLOG\service\node_modules\egg-logrotator\app\schedule\clean_log.js
2020-10-30 16:08:17,081 INFO 26420 [egg-schedule]: register schedule E:\ZYownStudy\jspREACT\REACT_BLOG\service\node_modules\egg-logrotator\app\schedule\rotate_by_file.js
2020-10-30 16:08:38,889 INFO 14184 [egg-schedule]: register schedule E:\ZYownStudy\jspREACT\REACT_BLOG\service\node_modules\egg-multipart\app\schedule\clean_tmpdir.js
2020-10-30 16:08:38,889 INFO 14184 [egg-schedule]: register schedule E:\ZYownStudy\jspREACT\REACT_BLOG\service\node_modules\egg-logrotator\app\schedule\clean_log.js
2020-10-30 16:08:38,889 INFO 14184 [egg-schedule]: register schedule E:\ZYownStudy\jspREACT\REACT_BLOG\service\node_modules\egg-logrotator\app\schedule\rotate_by_file.js
2020-10-30 16:08:53,375 INFO 8724 [egg-schedule]: register schedule E:\ZYownStudy\jspREACT\REACT_BLOG\service\node_modules\egg-multipart\app\schedule\clean_tmpdir.js
2020-10-30 16:08:53,375 INFO 8724 [egg-schedule]: register schedule E:\ZYownStudy\jspREACT\REACT_BLOG\service\node_modules\egg-logrotator\app\schedule\clean_log.js
2020-10-30 16:08:53,375 INFO 8724 [egg-schedule]: register schedule E:\ZYownStudy\jspREACT\REACT_BLOG\service\node_modules\egg-logrotator\app\schedule\rotate_by_file.js
2020-10-30 16:42:27,082 INFO 7164 [egg-schedule]: register schedule E:\ZYownStudy\jspREACT\REACT_BLOG\service\node_modules\egg-multipart\app\schedule\clean_tmpdir.js
2020-10-30 16:42:27,082 INFO 7164 [egg-schedule]: register schedule E:\ZYownStudy\jspREACT\REACT_BLOG\service\node_modules\egg-logrotator\app\schedule\clean_log.js
2020-10-30 16:42:27,082 INFO 7164 [egg-schedule]: register schedule E:\ZYownStudy\jspREACT\REACT_BLOG\service\node_modules\egg-logrotator\app\schedule\rotate_by_file.js
2020-10-30 16:43:02,427 INFO 25944 [egg-schedule]: register schedule E:\ZYownStudy\jspREACT\REACT_BLOG\service\node_modules\egg-multipart\app\schedule\clean_tmpdir.js
2020-10-30 16:43:02,427 INFO 25944 [egg-schedule]: register schedule E:\ZYownStudy\jspREACT\REACT_BLOG\service\node_modules\egg-logrotator\app\schedule\clean_log.js
2020-10-30 16:43:02,427 INFO 25944 [egg-schedule]: register schedule E:\ZYownStudy\jspREACT\REACT_BLOG\service\node_modules\egg-logrotator\app\schedule\rotate_by_file.js
2020-10-30 17:09:23,602 INFO 22852 [egg-schedule]: register schedule E:\ZYownStudy\jspREACT\REACT_BLOG\service\node_modules\egg-multipart\app\schedule\clean_tmpdir.js
2020-10-30 17:09:23,602 INFO 22852 [egg-schedule]: register schedule E:\ZYownStudy\jspREACT\REACT_BLOG\service\node_modules\egg-logrotator\app\schedule\clean_log.js
2020-10-30 17:09:23,602 INFO 22852 [egg-schedule]: register schedule E:\ZYownStudy\jspREACT\REACT_BLOG\service\node_modules\egg-logrotator\app\schedule\rotate_by_file.js
2020-12-31 18:02:27,599 INFO 1580 [Timer] E:\ZYownStudy\jspREACT\REACT_BLOG\service\node_modules\egg-multipart\app\schedule\clean_tmpdir.js next time will execute after 37652413ms at 2021-01-01 04:30:00.012
2020-12-31 18:02:27,600 INFO 1580 [Timer] E:\ZYownStudy\jspREACT\REACT_BLOG\service\node_modules\egg-logrotator\app\schedule\clean_log.js next time will execute after 21452400ms at 2021-01-01 00:00:00.000
2020-12-31 18:02:27,600 INFO 1580 [Timer] E:\ZYownStudy\jspREACT\REACT_BLOG\service\node_modules\egg-logrotator\app\schedule\rotate_by_file.js next time will execute after 21453400ms at 2021-01-01 00:00:01.000
2020-12-31 18:02:27,350 INFO 26416 [egg-schedule]: register schedule E:\ZYownStudy\jspREACT\REACT_BLOG\service\node_modules\egg-multipart\app\schedule\clean_tmpdir.js
2020-12-31 18:02:27,350 INFO 26416 [egg-schedule]: register schedule E:\ZYownStudy\jspREACT\REACT_BLOG\service\node_modules\egg-logrotator\app\schedule\clean_log.js
2020-12-31 18:02:27,350 INFO 26416 [egg-schedule]: register schedule E:\ZYownStudy\jspREACT\REACT_BLOG\service\node_modules\egg-logrotator\app\schedule\rotate_by_file.js
2020-12-31 18:23:25,872 INFO 6920 [Timer] E:\ZYownStudy\jspREACT\REACT_BLOG\service\node_modules\egg-multipart\app\schedule\clean_tmpdir.js next time will execute after 36394132ms at 2021-01-01 04:30:00.004
2020-12-31 18:23:25,872 INFO 6920 [Timer] E:\ZYownStudy\jspREACT\REACT_BLOG\service\node_modules\egg-logrotator\app\schedule\clean_log.js next time will execute after 20194128ms at 2021-01-01 00:00:00.000
2020-12-31 18:23:25,872 INFO 6920 [Timer] E:\ZYownStudy\jspREACT\REACT_BLOG\service\node_modules\egg-logrotator\app\schedule\rotate_by_file.js next time will execute after 20195128ms at 2021-01-01 00:00:01.000
2020-12-31 18:23:25,664 INFO 9676 [egg-schedule]: register schedule E:\ZYownStudy\jspREACT\REACT_BLOG\service\node_modules\egg-multipart\app\schedule\clean_tmpdir.js
2020-12-31 18:23:25,664 INFO 9676 [egg-schedule]: register schedule E:\ZYownStudy\jspREACT\REACT_BLOG\service\node_modules\egg-logrotator\app\schedule\clean_log.js
2020-12-31 18:23:25,664 INFO 9676 [egg-schedule]: register schedule E:\ZYownStudy\jspREACT\REACT_BLOG\service\node_modules\egg-logrotator\app\schedule\rotate_by_file.js
