2020-10-30 00:00:01,018 INFO 12040 [egg-logrotator] app logger reload: got log-reload message
2020-10-30 04:30:00,008 INFO 12040 [-/127.0.0.1/-/0ms SCHEDULE /__schedule?path=E:\ZYownStudy\jspREACT\REACT_BLOG\service\node_modules\egg-multipart\app\schedule\clean_tmpdir.js&type=worker&cron=0%2030%204%20*%20*%20*&immediate=false] [egg-multipart:CleanTmpdir] start clean tmpdir: "C:\\Users\\ADMINI~1\\AppData\\Local\\Temp\\egg-multipart-tmp\\service"
2020-10-30 04:30:00,011 INFO 12040 [-/127.0.0.1/-/3ms SCHEDULE /__schedule?path=E:\ZYownStudy\jspREACT\REACT_BLOG\service\node_modules\egg-multipart\app\schedule\clean_tmpdir.js&type=worker&cron=0%2030%204%20*%20*%20*&immediate=false] [egg-multipart:CleanTmpdir] end
2020-10-30 11:13:18,444 INFO 3996 [egg:logger] init all loggers with options: {"dir":"E:\\ZYownStudy\\jspREACT\\REACT_BLOG\\service\\logs\\service","encoding":"utf8","env":"local","level":"INFO","consoleLevel":"INFO","disableConsoleAfterReady":false,"outputJSON":false,"buffer":true,"appLogName":"service-web.log","coreLogName":"egg-web.log","agentLogName":"egg-agent.log","errorLogName":"common-error.log","coreLogger":{"consoleLevel":"WARN"},"allowDebugAtProd":false,"type":"application"}
2020-10-30 11:13:18,476 INFO 3996 [egg-multipart] stream mode enable
2020-10-30 11:13:18,476 INFO 3996 [egg-mysql] connecting root@localhost:3306/react_blog
2020-10-30 11:13:18,602 INFO 3996 [egg-static] starting static serve /public/ -> E:\ZYownStudy\jspREACT\REACT_BLOG\service\app\public
2020-10-30 11:13:18,606 INFO 3996 [egg-security] use methodnoallow middleware
2020-10-30 11:13:18,606 INFO 3996 [egg-security] use noopen middleware
2020-10-30 11:13:18,607 INFO 3996 [egg-security] use nosniff middleware
2020-10-30 11:13:18,607 INFO 3996 [egg-security] use xssProtection middleware
2020-10-30 11:13:18,608 INFO 3996 [egg-security] use xframe middleware
2020-10-30 11:13:18,608 INFO 3996 [egg-security] use dta middleware
2020-10-30 11:13:18,608 INFO 3996 [egg-security] compose 6 middlewares into one security middleware
2020-10-30 11:13:18,623 INFO 3996 [egg:core] dump config after load, 7ms
2020-10-30 11:13:18,655 INFO 3996 [egg-watcher:application] watcher start success
2020-10-30 11:13:18,660 INFO 3996 [egg-mysql] instance[0] status OK, rds currentTime: Fri Oct 30 2020 11:13:18 GMT+0800 (GMT+08:00)
2020-10-30 11:13:18,674 INFO 3996 [egg:core] dump config after ready, 6ms
2020-10-30 11:13:43,949 INFO 11732 [egg:logger] init all loggers with options: {"dir":"E:\\ZYownStudy\\jspREACT\\REACT_BLOG\\service\\logs\\service","encoding":"utf8","env":"local","level":"INFO","consoleLevel":"INFO","disableConsoleAfterReady":false,"outputJSON":false,"buffer":true,"appLogName":"service-web.log","coreLogName":"egg-web.log","agentLogName":"egg-agent.log","errorLogName":"common-error.log","coreLogger":{"consoleLevel":"WARN"},"allowDebugAtProd":false,"type":"application"}
2020-10-30 11:13:43,980 INFO 11732 [egg-multipart] stream mode enable
2020-10-30 11:13:43,981 INFO 11732 [egg-mysql] connecting root@localhost:3306/react_blog
2020-10-30 11:13:44,117 INFO 11732 [egg-static] starting static serve /public/ -> E:\ZYownStudy\jspREACT\REACT_BLOG\service\app\public
2020-10-30 11:13:44,122 INFO 11732 [egg-security] use methodnoallow middleware
2020-10-30 11:13:44,122 INFO 11732 [egg-security] use noopen middleware
2020-10-30 11:13:44,124 INFO 11732 [egg-security] use nosniff middleware
2020-10-30 11:13:44,124 INFO 11732 [egg-security] use xssProtection middleware
2020-10-30 11:13:44,125 INFO 11732 [egg-security] use xframe middleware
2020-10-30 11:13:44,125 INFO 11732 [egg-security] use dta middleware
2020-10-30 11:13:44,125 INFO 11732 [egg-security] compose 6 middlewares into one security middleware
2020-10-30 11:13:44,140 INFO 11732 [egg:core] dump config after load, 7ms
2020-10-30 11:13:44,171 INFO 11732 [egg-watcher:application] watcher start success
2020-10-30 11:13:44,176 INFO 11732 [egg-mysql] instance[0] status OK, rds currentTime: Fri Oct 30 2020 11:13:44 GMT+0800 (GMT+08:00)
2020-10-30 11:13:44,192 INFO 11732 [egg:core] dump config after ready, 5ms
2020-10-30 11:15:23,011 INFO 15228 [egg:logger] init all loggers with options: {"dir":"E:\\ZYownStudy\\jspREACT\\REACT_BLOG\\service\\logs\\service","encoding":"utf8","env":"local","level":"INFO","consoleLevel":"INFO","disableConsoleAfterReady":false,"outputJSON":false,"buffer":true,"appLogName":"service-web.log","coreLogName":"egg-web.log","agentLogName":"egg-agent.log","errorLogName":"common-error.log","coreLogger":{"consoleLevel":"WARN"},"allowDebugAtProd":false,"type":"application"}
2020-10-30 11:15:23,044 INFO 15228 [egg-multipart] stream mode enable
2020-10-30 11:15:23,044 INFO 15228 [egg-mysql] connecting root@localhost:3306/react_blog
2020-10-30 11:15:23,186 INFO 15228 [egg-static] starting static serve /public/ -> E:\ZYownStudy\jspREACT\REACT_BLOG\service\app\public
2020-10-30 11:15:23,189 INFO 15228 [egg-security] use methodnoallow middleware
2020-10-30 11:15:23,190 INFO 15228 [egg-security] use noopen middleware
2020-10-30 11:15:23,191 INFO 15228 [egg-security] use nosniff middleware
2020-10-30 11:15:23,191 INFO 15228 [egg-security] use xssProtection middleware
2020-10-30 11:15:23,192 INFO 15228 [egg-security] use xframe middleware
2020-10-30 11:15:23,192 INFO 15228 [egg-security] use dta middleware
2020-10-30 11:15:23,192 INFO 15228 [egg-security] compose 6 middlewares into one security middleware
2020-10-30 11:15:23,210 INFO 15228 [egg:core] dump config after load, 8ms
2020-10-30 11:15:23,243 INFO 15228 [egg-watcher:application] watcher start success
2020-10-30 11:15:23,249 INFO 15228 [egg-mysql] instance[0] status OK, rds currentTime: Fri Oct 30 2020 11:15:23 GMT+0800 (GMT+08:00)
2020-10-30 11:15:23,263 INFO 15228 [egg:core] dump config after ready, 5ms
2020-10-30 11:15:37,734 INFO 16692 [egg:logger] init all loggers with options: {"dir":"E:\\ZYownStudy\\jspREACT\\REACT_BLOG\\service\\logs\\service","encoding":"utf8","env":"local","level":"INFO","consoleLevel":"INFO","disableConsoleAfterReady":false,"outputJSON":false,"buffer":true,"appLogName":"service-web.log","coreLogName":"egg-web.log","agentLogName":"egg-agent.log","errorLogName":"common-error.log","coreLogger":{"consoleLevel":"WARN"},"allowDebugAtProd":false,"type":"application"}
2020-10-30 11:15:37,769 INFO 16692 [egg-multipart] stream mode enable
2020-10-30 11:15:37,769 INFO 16692 [egg-mysql] connecting root@localhost:3306/react_blog
2020-10-30 11:15:38,002 INFO 16692 [egg-static] starting static serve /public/ -> E:\ZYownStudy\jspREACT\REACT_BLOG\service\app\public
2020-10-30 11:15:38,005 INFO 16692 [egg-security] use methodnoallow middleware
2020-10-30 11:15:38,006 INFO 16692 [egg-security] use noopen middleware
2020-10-30 11:15:38,007 INFO 16692 [egg-security] use nosniff middleware
2020-10-30 11:15:38,007 INFO 16692 [egg-security] use xssProtection middleware
2020-10-30 11:15:38,014 INFO 16692 [egg-security] use xframe middleware
2020-10-30 11:15:38,016 INFO 16692 [egg-security] use dta middleware
2020-10-30 11:15:38,016 INFO 16692 [egg-security] compose 6 middlewares into one security middleware
2020-10-30 11:15:38,056 INFO 16692 [egg:core] dump config after load, 30ms
2020-10-30 11:15:38,107 INFO 16692 [egg-watcher:application] watcher start success
2020-10-30 11:15:38,113 INFO 16692 [egg-mysql] instance[0] status OK, rds currentTime: Fri Oct 30 2020 11:15:38 GMT+0800 (GMT+08:00)
2020-10-30 11:15:38,137 INFO 16692 [egg:core] dump config after ready, 11ms
2020-10-30 11:16:02,408 INFO 11180 [egg:logger] init all loggers with options: {"dir":"E:\\ZYownStudy\\jspREACT\\REACT_BLOG\\service\\logs\\service","encoding":"utf8","env":"local","level":"INFO","consoleLevel":"INFO","disableConsoleAfterReady":false,"outputJSON":false,"buffer":true,"appLogName":"service-web.log","coreLogName":"egg-web.log","agentLogName":"egg-agent.log","errorLogName":"common-error.log","coreLogger":{"consoleLevel":"WARN"},"allowDebugAtProd":false,"type":"application"}
2020-10-30 11:16:02,463 INFO 11180 [egg-multipart] stream mode enable
2020-10-30 11:16:02,465 INFO 11180 [egg-mysql] connecting root@localhost:3306/react_blog
2020-10-30 11:16:02,600 INFO 11180 [egg-static] starting static serve /public/ -> E:\ZYownStudy\jspREACT\REACT_BLOG\service\app\public
2020-10-30 11:16:02,603 INFO 11180 [egg-security] use methodnoallow middleware
2020-10-30 11:16:02,603 INFO 11180 [egg-security] use noopen middleware
2020-10-30 11:16:02,604 INFO 11180 [egg-security] use nosniff middleware
2020-10-30 11:16:02,605 INFO 11180 [egg-security] use xssProtection middleware
2020-10-30 11:16:02,605 INFO 11180 [egg-security] use xframe middleware
2020-10-30 11:16:02,606 INFO 11180 [egg-security] use dta middleware
2020-10-30 11:16:02,606 INFO 11180 [egg-security] compose 6 middlewares into one security middleware
2020-10-30 11:16:02,621 INFO 11180 [egg:core] dump config after load, 7ms
2020-10-30 11:16:02,655 INFO 11180 [egg-watcher:application] watcher start success
2020-10-30 11:16:02,662 INFO 11180 [egg-mysql] instance[0] status OK, rds currentTime: Fri Oct 30 2020 11:16:02 GMT+0800 (GMT+08:00)
2020-10-30 11:16:02,675 INFO 11180 [egg:core] dump config after ready, 5ms
2020-10-30 11:25:01,332 INFO 18016 [egg:logger] init all loggers with options: {"dir":"E:\\ZYownStudy\\jspREACT\\REACT_BLOG\\service\\logs\\service","encoding":"utf8","env":"local","level":"INFO","consoleLevel":"INFO","disableConsoleAfterReady":false,"outputJSON":false,"buffer":true,"appLogName":"service-web.log","coreLogName":"egg-web.log","agentLogName":"egg-agent.log","errorLogName":"common-error.log","coreLogger":{"consoleLevel":"WARN"},"allowDebugAtProd":false,"type":"application"}
2020-10-30 11:25:01,368 INFO 18016 [egg-multipart] stream mode enable
2020-10-30 11:25:01,369 INFO 18016 [egg-mysql] connecting root@localhost:3306/react_blog
2020-10-30 11:25:01,502 INFO 18016 [egg-static] starting static serve /public/ -> E:\ZYownStudy\jspREACT\REACT_BLOG\service\app\public
2020-10-30 11:25:01,505 INFO 18016 [egg-security] use methodnoallow middleware
2020-10-30 11:25:01,506 INFO 18016 [egg-security] use noopen middleware
2020-10-30 11:25:01,507 INFO 18016 [egg-security] use nosniff middleware
2020-10-30 11:25:01,508 INFO 18016 [egg-security] use xssProtection middleware
2020-10-30 11:25:01,508 INFO 18016 [egg-security] use xframe middleware
2020-10-30 11:25:01,508 INFO 18016 [egg-security] use dta middleware
2020-10-30 11:25:01,508 INFO 18016 [egg-security] compose 6 middlewares into one security middleware
2020-10-30 11:25:01,525 INFO 18016 [egg:core] dump config after load, 7ms
2020-10-30 11:25:01,553 INFO 18016 [egg-watcher:application] watcher start success
2020-10-30 11:25:01,558 INFO 18016 [egg-mysql] instance[0] status OK, rds currentTime: Fri Oct 30 2020 11:25:01 GMT+0800 (GMT+08:00)
2020-10-30 11:25:01,568 INFO 18016 [egg:core] dump config after ready, 5ms
2020-10-30 11:25:56,609 INFO 12820 [egg:logger] init all loggers with options: {"dir":"E:\\ZYownStudy\\jspREACT\\REACT_BLOG\\service\\logs\\service","encoding":"utf8","env":"local","level":"INFO","consoleLevel":"INFO","disableConsoleAfterReady":false,"outputJSON":false,"buffer":true,"appLogName":"service-web.log","coreLogName":"egg-web.log","agentLogName":"egg-agent.log","errorLogName":"common-error.log","coreLogger":{"consoleLevel":"WARN"},"allowDebugAtProd":false,"type":"application"}
2020-10-30 11:25:56,641 INFO 12820 [egg-multipart] stream mode enable
2020-10-30 11:25:56,641 INFO 12820 [egg-mysql] connecting root@localhost:3306/react_blog
2020-10-30 11:25:56,767 INFO 12820 [egg-static] starting static serve /public/ -> E:\ZYownStudy\jspREACT\REACT_BLOG\service\app\public
2020-10-30 11:25:56,770 INFO 12820 [egg-security] use methodnoallow middleware
2020-10-30 11:25:56,772 INFO 12820 [egg-security] use noopen middleware
2020-10-30 11:25:56,773 INFO 12820 [egg-security] use nosniff middleware
2020-10-30 11:25:56,774 INFO 12820 [egg-security] use xssProtection middleware
2020-10-30 11:25:56,774 INFO 12820 [egg-security] use xframe middleware
2020-10-30 11:25:56,774 INFO 12820 [egg-security] use dta middleware
2020-10-30 11:25:56,774 INFO 12820 [egg-security] compose 6 middlewares into one security middleware
2020-10-30 11:25:56,790 INFO 12820 [egg:core] dump config after load, 7ms
2020-10-30 11:25:56,820 INFO 12820 [egg-watcher:application] watcher start success
2020-10-30 11:25:56,825 INFO 12820 [egg-mysql] instance[0] status OK, rds currentTime: Fri Oct 30 2020 11:25:56 GMT+0800 (GMT+08:00)
2020-10-30 11:25:56,836 INFO 12820 [egg:core] dump config after ready, 7ms
2020-10-30 11:26:47,788 INFO 26028 [egg:logger] init all loggers with options: {"dir":"E:\\ZYownStudy\\jspREACT\\REACT_BLOG\\service\\logs\\service","encoding":"utf8","env":"local","level":"INFO","consoleLevel":"INFO","disableConsoleAfterReady":false,"outputJSON":false,"buffer":true,"appLogName":"service-web.log","coreLogName":"egg-web.log","agentLogName":"egg-agent.log","errorLogName":"common-error.log","coreLogger":{"consoleLevel":"WARN"},"allowDebugAtProd":false,"type":"application"}
2020-10-30 11:26:47,820 INFO 26028 [egg-multipart] stream mode enable
2020-10-30 11:26:47,820 INFO 26028 [egg-mysql] connecting root@localhost:3306/react_blog
2020-10-30 11:26:47,941 INFO 26028 [egg-static] starting static serve /public/ -> E:\ZYownStudy\jspREACT\REACT_BLOG\service\app\public
2020-10-30 11:26:47,944 INFO 26028 [egg-security] use methodnoallow middleware
2020-10-30 11:26:47,944 INFO 26028 [egg-security] use noopen middleware
2020-10-30 11:26:47,945 INFO 26028 [egg-security] use nosniff middleware
2020-10-30 11:26:47,945 INFO 26028 [egg-security] use xssProtection middleware
2020-10-30 11:26:47,946 INFO 26028 [egg-security] use xframe middleware
2020-10-30 11:26:47,946 INFO 26028 [egg-security] use dta middleware
2020-10-30 11:26:47,946 INFO 26028 [egg-security] compose 6 middlewares into one security middleware
2020-10-30 11:26:47,961 INFO 26028 [egg:core] dump config after load, 6ms
2020-10-30 11:26:47,991 INFO 26028 [egg-watcher:application] watcher start success
2020-10-30 11:26:47,995 INFO 26028 [egg-mysql] instance[0] status OK, rds currentTime: Fri Oct 30 2020 11:26:47 GMT+0800 (GMT+08:00)
2020-10-30 11:26:48,005 INFO 26028 [egg:core] dump config after ready, 4ms
2020-10-30 11:53:00,562 INFO 11400 [egg:logger] init all loggers with options: {"dir":"E:\\ZYownStudy\\jspREACT\\REACT_BLOG\\service\\logs\\service","encoding":"utf8","env":"local","level":"INFO","consoleLevel":"INFO","disableConsoleAfterReady":false,"outputJSON":false,"buffer":true,"appLogName":"service-web.log","coreLogName":"egg-web.log","agentLogName":"egg-agent.log","errorLogName":"common-error.log","coreLogger":{"consoleLevel":"WARN"},"allowDebugAtProd":false,"type":"application"}
2020-10-30 11:53:00,595 INFO 11400 [egg-multipart] stream mode enable
2020-10-30 11:53:00,595 INFO 11400 [egg-mysql] connecting root@localhost:3306/react_blog
2020-10-30 11:53:00,709 INFO 11400 [egg-static] starting static serve /public/ -> E:\ZYownStudy\jspREACT\REACT_BLOG\service\app\public
2020-10-30 11:53:00,712 INFO 11400 [egg-security] use methodnoallow middleware
2020-10-30 11:53:00,712 INFO 11400 [egg-security] use noopen middleware
2020-10-30 11:53:00,713 INFO 11400 [egg-security] use nosniff middleware
2020-10-30 11:53:00,714 INFO 11400 [egg-security] use xssProtection middleware
2020-10-30 11:53:00,714 INFO 11400 [egg-security] use xframe middleware
2020-10-30 11:53:00,715 INFO 11400 [egg-security] use dta middleware
2020-10-30 11:53:00,715 INFO 11400 [egg-security] compose 6 middlewares into one security middleware
2020-10-30 11:53:00,732 INFO 11400 [egg:core] dump config after load, 7ms
2020-10-30 11:53:00,762 INFO 11400 [egg-watcher:application] watcher start success
2020-10-30 11:53:00,767 INFO 11400 [egg-mysql] instance[0] status OK, rds currentTime: Fri Oct 30 2020 11:53:00 GMT+0800 (GMT+08:00)
2020-10-30 11:53:00,779 INFO 11400 [egg:core] dump config after ready, 5ms
2020-10-30 13:47:07,999 INFO 3036 [egg:logger] init all loggers with options: {"dir":"E:\\ZYownStudy\\jspREACT\\REACT_BLOG\\service\\logs\\service","encoding":"utf8","env":"local","level":"INFO","consoleLevel":"INFO","disableConsoleAfterReady":false,"outputJSON":false,"buffer":true,"appLogName":"service-web.log","coreLogName":"egg-web.log","agentLogName":"egg-agent.log","errorLogName":"common-error.log","coreLogger":{"consoleLevel":"WARN"},"allowDebugAtProd":false,"type":"application"}
2020-10-30 13:47:08,035 INFO 3036 [egg-multipart] stream mode enable
2020-10-30 13:47:08,036 INFO 3036 [egg-mysql] connecting root@localhost:3306/react_blog
2020-10-30 13:47:08,184 INFO 3036 [egg-static] starting static serve /public/ -> E:\ZYownStudy\jspREACT\REACT_BLOG\service\app\public
2020-10-30 13:47:08,187 INFO 3036 [egg-security] use methodnoallow middleware
2020-10-30 13:47:08,187 INFO 3036 [egg-security] use noopen middleware
2020-10-30 13:47:08,188 INFO 3036 [egg-security] use nosniff middleware
2020-10-30 13:47:08,189 INFO 3036 [egg-security] use xssProtection middleware
2020-10-30 13:47:08,189 INFO 3036 [egg-security] use xframe middleware
2020-10-30 13:47:08,190 INFO 3036 [egg-security] use dta middleware
2020-10-30 13:47:08,190 INFO 3036 [egg-security] compose 6 middlewares into one security middleware
2020-10-30 13:47:08,208 INFO 3036 [egg:core] dump config after load, 7ms
2020-10-30 13:47:08,243 INFO 3036 [egg-watcher:application] watcher start success
2020-10-30 13:47:08,248 INFO 3036 [egg-mysql] instance[0] status OK, rds currentTime: Fri Oct 30 2020 13:47:08 GMT+0800 (GMT+08:00)
2020-10-30 13:47:08,262 INFO 3036 [egg:core] dump config after ready, 6ms
2020-10-30 13:47:50,477 INFO 12820 [egg:logger] init all loggers with options: {"dir":"E:\\ZYownStudy\\jspREACT\\REACT_BLOG\\service\\logs\\service","encoding":"utf8","env":"local","level":"INFO","consoleLevel":"INFO","disableConsoleAfterReady":false,"outputJSON":false,"buffer":true,"appLogName":"service-web.log","coreLogName":"egg-web.log","agentLogName":"egg-agent.log","errorLogName":"common-error.log","coreLogger":{"consoleLevel":"WARN"},"allowDebugAtProd":false,"type":"application"}
2020-10-30 13:47:50,511 INFO 12820 [egg-multipart] stream mode enable
2020-10-30 13:47:50,512 INFO 12820 [egg-mysql] connecting root@localhost:3306/react_blog
2020-10-30 13:47:50,644 INFO 12820 [egg-static] starting static serve /public/ -> E:\ZYownStudy\jspREACT\REACT_BLOG\service\app\public
2020-10-30 13:47:50,648 INFO 12820 [egg-security] use methodnoallow middleware
2020-10-30 13:47:50,649 INFO 12820 [egg-security] use noopen middleware
2020-10-30 13:47:50,650 INFO 12820 [egg-security] use nosniff middleware
2020-10-30 13:47:50,650 INFO 12820 [egg-security] use xssProtection middleware
2020-10-30 13:47:50,651 INFO 12820 [egg-security] use xframe middleware
2020-10-30 13:47:50,651 INFO 12820 [egg-security] use dta middleware
2020-10-30 13:47:50,651 INFO 12820 [egg-security] compose 6 middlewares into one security middleware
2020-10-30 13:47:50,668 INFO 12820 [egg:core] dump config after load, 9ms
2020-10-30 13:47:50,702 INFO 12820 [egg-watcher:application] watcher start success
2020-10-30 13:47:50,706 INFO 12820 [egg-mysql] instance[0] status OK, rds currentTime: Fri Oct 30 2020 13:47:50 GMT+0800 (GMT+08:00)
2020-10-30 13:47:50,718 INFO 12820 [egg:core] dump config after ready, 6ms
2020-10-30 15:40:11,803 INFO 18596 [egg:logger] init all loggers with options: {"dir":"E:\\ZYownStudy\\jspREACT\\REACT_BLOG\\service\\logs\\service","encoding":"utf8","env":"local","level":"INFO","consoleLevel":"INFO","disableConsoleAfterReady":false,"outputJSON":false,"buffer":true,"appLogName":"service-web.log","coreLogName":"egg-web.log","agentLogName":"egg-agent.log","errorLogName":"common-error.log","coreLogger":{"consoleLevel":"WARN"},"allowDebugAtProd":false,"type":"application"}
2020-10-30 15:40:11,840 INFO 18596 [egg-multipart] stream mode enable
2020-10-30 15:40:11,841 INFO 18596 [egg-mysql] connecting root@localhost:3306/react_blog
2020-10-30 15:40:12,000 INFO 18596 [egg-static] starting static serve /public/ -> E:\ZYownStudy\jspREACT\REACT_BLOG\service\app\public
2020-10-30 15:40:12,003 INFO 18596 [egg-security] use methodnoallow middleware
2020-10-30 15:40:12,004 INFO 18596 [egg-security] use noopen middleware
2020-10-30 15:40:12,005 INFO 18596 [egg-security] use nosniff middleware
2020-10-30 15:40:12,006 INFO 18596 [egg-security] use xssProtection middleware
2020-10-30 15:40:12,006 INFO 18596 [egg-security] use xframe middleware
2020-10-30 15:40:12,007 INFO 18596 [egg-security] use dta middleware
2020-10-30 15:40:12,007 INFO 18596 [egg-security] compose 6 middlewares into one security middleware
2020-10-30 15:40:12,023 INFO 18596 [egg:core] dump config after load, 7ms
2020-10-30 15:40:12,060 INFO 18596 [egg-watcher:application] watcher start success
2020-10-30 15:40:12,067 INFO 18596 [egg-mysql] instance[0] status OK, rds currentTime: Fri Oct 30 2020 15:40:12 GMT+0800 (GMT+08:00)
2020-10-30 15:40:12,078 INFO 18596 [egg:core] dump config after ready, 6ms
2020-10-30 15:41:09,557 INFO 9600 [egg:logger] init all loggers with options: {"dir":"E:\\ZYownStudy\\jspREACT\\REACT_BLOG\\service\\logs\\service","encoding":"utf8","env":"local","level":"INFO","consoleLevel":"INFO","disableConsoleAfterReady":false,"outputJSON":false,"buffer":true,"appLogName":"service-web.log","coreLogName":"egg-web.log","agentLogName":"egg-agent.log","errorLogName":"common-error.log","coreLogger":{"consoleLevel":"WARN"},"allowDebugAtProd":false,"type":"application"}
2020-10-30 15:41:09,592 INFO 9600 [egg-multipart] stream mode enable
2020-10-30 15:41:09,593 INFO 9600 [egg-mysql] connecting root@localhost:3306/react_blog
2020-10-30 15:41:09,731 INFO 9600 [egg-static] starting static serve /public/ -> E:\ZYownStudy\jspREACT\REACT_BLOG\service\app\public
2020-10-30 15:41:09,734 INFO 9600 [egg-security] use methodnoallow middleware
2020-10-30 15:41:09,734 INFO 9600 [egg-security] use noopen middleware
2020-10-30 15:41:09,735 INFO 9600 [egg-security] use nosniff middleware
2020-10-30 15:41:09,735 INFO 9600 [egg-security] use xssProtection middleware
2020-10-30 15:41:09,736 INFO 9600 [egg-security] use xframe middleware
2020-10-30 15:41:09,736 INFO 9600 [egg-security] use dta middleware
2020-10-30 15:41:09,736 INFO 9600 [egg-security] compose 6 middlewares into one security middleware
2020-10-30 15:41:09,753 INFO 9600 [egg:core] dump config after load, 7ms
2020-10-30 15:41:09,784 INFO 9600 [egg-watcher:application] watcher start success
2020-10-30 15:41:09,789 INFO 9600 [egg-mysql] instance[0] status OK, rds currentTime: Fri Oct 30 2020 15:41:09 GMT+0800 (GMT+08:00)
2020-10-30 15:41:09,800 INFO 9600 [egg:core] dump config after ready, 5ms
2020-10-30 15:43:07,125 INFO 23156 [egg:logger] init all loggers with options: {"dir":"E:\\ZYownStudy\\jspREACT\\REACT_BLOG\\service\\logs\\service","encoding":"utf8","env":"local","level":"INFO","consoleLevel":"INFO","disableConsoleAfterReady":false,"outputJSON":false,"buffer":true,"appLogName":"service-web.log","coreLogName":"egg-web.log","agentLogName":"egg-agent.log","errorLogName":"common-error.log","coreLogger":{"consoleLevel":"WARN"},"allowDebugAtProd":false,"type":"application"}
2020-10-30 15:43:07,160 INFO 23156 [egg-multipart] stream mode enable
2020-10-30 15:43:07,161 INFO 23156 [egg-mysql] connecting root@localhost:3306/react_blog
2020-10-30 15:43:07,301 INFO 23156 [egg-static] starting static serve /public/ -> E:\ZYownStudy\jspREACT\REACT_BLOG\service\app\public
2020-10-30 15:43:07,305 INFO 23156 [egg-security] use methodnoallow middleware
2020-10-30 15:43:07,305 INFO 23156 [egg-security] use noopen middleware
2020-10-30 15:43:07,307 INFO 23156 [egg-security] use nosniff middleware
2020-10-30 15:43:07,307 INFO 23156 [egg-security] use xssProtection middleware
2020-10-30 15:43:07,308 INFO 23156 [egg-security] use xframe middleware
2020-10-30 15:43:07,308 INFO 23156 [egg-security] use dta middleware
2020-10-30 15:43:07,308 INFO 23156 [egg-security] compose 6 middlewares into one security middleware
2020-10-30 15:43:07,325 INFO 23156 [egg:core] dump config after load, 7ms
2020-10-30 15:43:07,355 INFO 23156 [egg-watcher:application] watcher start success
2020-10-30 15:43:07,360 INFO 23156 [egg-mysql] instance[0] status OK, rds currentTime: Fri Oct 30 2020 15:43:07 GMT+0800 (GMT+08:00)
2020-10-30 15:43:07,372 INFO 23156 [egg:core] dump config after ready, 5ms
2020-10-30 15:43:54,725 INFO 24708 [egg:logger] init all loggers with options: {"dir":"E:\\ZYownStudy\\jspREACT\\REACT_BLOG\\service\\logs\\service","encoding":"utf8","env":"local","level":"INFO","consoleLevel":"INFO","disableConsoleAfterReady":false,"outputJSON":false,"buffer":true,"appLogName":"service-web.log","coreLogName":"egg-web.log","agentLogName":"egg-agent.log","errorLogName":"common-error.log","coreLogger":{"consoleLevel":"WARN"},"allowDebugAtProd":false,"type":"application"}
2020-10-30 15:43:54,760 INFO 24708 [egg-multipart] stream mode enable
2020-10-30 15:43:54,761 INFO 24708 [egg-mysql] connecting root@localhost:3306/react_blog
2020-10-30 15:43:54,895 INFO 24708 [egg-static] starting static serve /public/ -> E:\ZYownStudy\jspREACT\REACT_BLOG\service\app\public
2020-10-30 15:43:54,898 INFO 24708 [egg-security] use methodnoallow middleware
2020-10-30 15:43:54,898 INFO 24708 [egg-security] use noopen middleware
2020-10-30 15:43:54,900 INFO 24708 [egg-security] use nosniff middleware
2020-10-30 15:43:54,901 INFO 24708 [egg-security] use xssProtection middleware
2020-10-30 15:43:54,902 INFO 24708 [egg-security] use xframe middleware
2020-10-30 15:43:54,903 INFO 24708 [egg-security] use dta middleware
2020-10-30 15:43:54,903 INFO 24708 [egg-security] compose 6 middlewares into one security middleware
2020-10-30 15:43:54,918 INFO 24708 [egg:core] dump config after load, 7ms
2020-10-30 15:43:54,948 INFO 24708 [egg-watcher:application] watcher start success
2020-10-30 15:43:54,953 INFO 24708 [egg-mysql] instance[0] status OK, rds currentTime: Fri Oct 30 2020 15:43:54 GMT+0800 (GMT+08:00)
2020-10-30 15:43:54,965 INFO 24708 [egg:core] dump config after ready, 5ms
2020-10-30 16:03:49,197 INFO 23340 [egg:logger] init all loggers with options: {"dir":"E:\\ZYownStudy\\jspREACT\\REACT_BLOG\\service\\logs\\service","encoding":"utf8","env":"local","level":"INFO","consoleLevel":"INFO","disableConsoleAfterReady":false,"outputJSON":false,"buffer":true,"appLogName":"service-web.log","coreLogName":"egg-web.log","agentLogName":"egg-agent.log","errorLogName":"common-error.log","coreLogger":{"consoleLevel":"WARN"},"allowDebugAtProd":false,"type":"application"}
2020-10-30 16:03:49,238 INFO 23340 [egg-multipart] stream mode enable
2020-10-30 16:03:49,239 INFO 23340 [egg-mysql] connecting root@localhost:3306/react_blog
2020-10-30 16:03:49,384 INFO 23340 [egg-static] starting static serve /public/ -> E:\ZYownStudy\jspREACT\REACT_BLOG\service\app\public
2020-10-30 16:03:49,387 INFO 23340 [egg-security] use methodnoallow middleware
2020-10-30 16:03:49,388 INFO 23340 [egg-security] use noopen middleware
2020-10-30 16:03:49,389 INFO 23340 [egg-security] use nosniff middleware
2020-10-30 16:03:49,390 INFO 23340 [egg-security] use xssProtection middleware
2020-10-30 16:03:49,390 INFO 23340 [egg-security] use xframe middleware
2020-10-30 16:03:49,391 INFO 23340 [egg-security] use dta middleware
2020-10-30 16:03:49,391 INFO 23340 [egg-security] compose 6 middlewares into one security middleware
2020-10-30 16:03:49,407 INFO 23340 [egg:core] dump config after load, 8ms
2020-10-30 16:03:49,438 INFO 23340 [egg-watcher:application] watcher start success
2020-10-30 16:03:49,444 INFO 23340 [egg-mysql] instance[0] status OK, rds currentTime: Fri Oct 30 2020 16:03:49 GMT+0800 (GMT+08:00)
2020-10-30 16:03:49,456 INFO 23340 [egg:core] dump config after ready, 7ms
2020-10-30 16:05:11,517 INFO 13988 [egg:logger] init all loggers with options: {"dir":"E:\\ZYownStudy\\jspREACT\\REACT_BLOG\\service\\logs\\service","encoding":"utf8","env":"local","level":"INFO","consoleLevel":"INFO","disableConsoleAfterReady":false,"outputJSON":false,"buffer":true,"appLogName":"service-web.log","coreLogName":"egg-web.log","agentLogName":"egg-agent.log","errorLogName":"common-error.log","coreLogger":{"consoleLevel":"WARN"},"allowDebugAtProd":false,"type":"application"}
2020-10-30 16:05:11,553 INFO 13988 [egg-multipart] stream mode enable
2020-10-30 16:05:11,553 INFO 13988 [egg-mysql] connecting root@localhost:3306/react_blog
2020-10-30 16:05:11,771 INFO 13988 [egg-static] starting static serve /public/ -> E:\ZYownStudy\jspREACT\REACT_BLOG\service\app\public
2020-10-30 16:05:11,774 INFO 13988 [egg-security] use methodnoallow middleware
2020-10-30 16:05:11,774 INFO 13988 [egg-security] use noopen middleware
2020-10-30 16:05:11,775 INFO 13988 [egg-security] use nosniff middleware
2020-10-30 16:05:11,776 INFO 13988 [egg-security] use xssProtection middleware
2020-10-30 16:05:11,776 INFO 13988 [egg-security] use xframe middleware
2020-10-30 16:05:11,777 INFO 13988 [egg-security] use dta middleware
2020-10-30 16:05:11,777 INFO 13988 [egg-security] compose 6 middlewares into one security middleware
2020-10-30 16:05:11,792 INFO 13988 [egg:core] dump config after load, 7ms
2020-10-30 16:05:11,822 INFO 13988 [egg-watcher:application] watcher start success
2020-10-30 16:05:11,827 INFO 13988 [egg-mysql] instance[0] status OK, rds currentTime: Fri Oct 30 2020 16:05:11 GMT+0800 (GMT+08:00)
2020-10-30 16:05:11,839 INFO 13988 [egg:core] dump config after ready, 5ms
2020-10-30 16:06:31,319 INFO 13984 [egg:logger] init all loggers with options: {"dir":"E:\\ZYownStudy\\jspREACT\\REACT_BLOG\\service\\logs\\service","encoding":"utf8","env":"local","level":"INFO","consoleLevel":"INFO","disableConsoleAfterReady":false,"outputJSON":false,"buffer":true,"appLogName":"service-web.log","coreLogName":"egg-web.log","agentLogName":"egg-agent.log","errorLogName":"common-error.log","coreLogger":{"consoleLevel":"WARN"},"allowDebugAtProd":false,"type":"application"}
2020-10-30 16:06:31,354 INFO 13984 [egg-multipart] stream mode enable
2020-10-30 16:06:31,354 INFO 13984 [egg-mysql] connecting root@localhost:3306/react_blog
2020-10-30 16:06:31,492 INFO 13984 [egg-static] starting static serve /public/ -> E:\ZYownStudy\jspREACT\REACT_BLOG\service\app\public
2020-10-30 16:06:31,495 INFO 13984 [egg-security] use methodnoallow middleware
2020-10-30 16:06:31,496 INFO 13984 [egg-security] use noopen middleware
2020-10-30 16:06:31,497 INFO 13984 [egg-security] use nosniff middleware
2020-10-30 16:06:31,497 INFO 13984 [egg-security] use xssProtection middleware
2020-10-30 16:06:31,498 INFO 13984 [egg-security] use xframe middleware
2020-10-30 16:06:31,498 INFO 13984 [egg-security] use dta middleware
2020-10-30 16:06:31,498 INFO 13984 [egg-security] compose 6 middlewares into one security middleware
2020-10-30 16:06:31,514 INFO 13984 [egg:core] dump config after load, 8ms
2020-10-30 16:06:31,548 INFO 13984 [egg-watcher:application] watcher start success
2020-10-30 16:06:31,553 INFO 13984 [egg-mysql] instance[0] status OK, rds currentTime: Fri Oct 30 2020 16:06:31 GMT+0800 (GMT+08:00)
2020-10-30 16:06:31,567 INFO 13984 [egg:core] dump config after ready, 6ms
2020-10-30 16:07:27,865 INFO 13804 [egg:logger] init all loggers with options: {"dir":"E:\\ZYownStudy\\jspREACT\\REACT_BLOG\\service\\logs\\service","encoding":"utf8","env":"local","level":"INFO","consoleLevel":"INFO","disableConsoleAfterReady":false,"outputJSON":false,"buffer":true,"appLogName":"service-web.log","coreLogName":"egg-web.log","agentLogName":"egg-agent.log","errorLogName":"common-error.log","coreLogger":{"consoleLevel":"WARN"},"allowDebugAtProd":false,"type":"application"}
2020-10-30 16:07:27,896 INFO 13804 [egg-multipart] stream mode enable
2020-10-30 16:07:27,897 INFO 13804 [egg-mysql] connecting root@localhost:3306/react_blog
2020-10-30 16:07:28,022 INFO 13804 [egg-static] starting static serve /public/ -> E:\ZYownStudy\jspREACT\REACT_BLOG\service\app\public
2020-10-30 16:07:28,025 INFO 13804 [egg-security] use methodnoallow middleware
2020-10-30 16:07:28,027 INFO 13804 [egg-security] use noopen middleware
2020-10-30 16:07:28,028 INFO 13804 [egg-security] use nosniff middleware
2020-10-30 16:07:28,028 INFO 13804 [egg-security] use xssProtection middleware
2020-10-30 16:07:28,029 INFO 13804 [egg-security] use xframe middleware
2020-10-30 16:07:28,029 INFO 13804 [egg-security] use dta middleware
2020-10-30 16:07:28,029 INFO 13804 [egg-security] compose 6 middlewares into one security middleware
2020-10-30 16:07:28,043 INFO 13804 [egg:core] dump config after load, 6ms
2020-10-30 16:07:28,074 INFO 13804 [egg-watcher:application] watcher start success
2020-10-30 16:07:28,079 INFO 13804 [egg-mysql] instance[0] status OK, rds currentTime: Fri Oct 30 2020 16:07:28 GMT+0800 (GMT+08:00)
2020-10-30 16:07:28,091 INFO 13804 [egg:core] dump config after ready, 6ms
2020-10-30 16:07:32,759 INFO 6120 [egg:logger] init all loggers with options: {"dir":"E:\\ZYownStudy\\jspREACT\\REACT_BLOG\\service\\logs\\service","encoding":"utf8","env":"local","level":"INFO","consoleLevel":"INFO","disableConsoleAfterReady":false,"outputJSON":false,"buffer":true,"appLogName":"service-web.log","coreLogName":"egg-web.log","agentLogName":"egg-agent.log","errorLogName":"common-error.log","coreLogger":{"consoleLevel":"WARN"},"allowDebugAtProd":false,"type":"application"}
2020-10-30 16:07:32,795 INFO 6120 [egg-multipart] stream mode enable
2020-10-30 16:07:32,795 INFO 6120 [egg-mysql] connecting root@localhost:3306/react_blog
2020-10-30 16:07:32,935 INFO 6120 [egg-static] starting static serve /public/ -> E:\ZYownStudy\jspREACT\REACT_BLOG\service\app\public
2020-10-30 16:07:32,938 INFO 6120 [egg-security] use methodnoallow middleware
2020-10-30 16:07:32,938 INFO 6120 [egg-security] use noopen middleware
2020-10-30 16:07:32,939 INFO 6120 [egg-security] use nosniff middleware
2020-10-30 16:07:32,940 INFO 6120 [egg-security] use xssProtection middleware
2020-10-30 16:07:32,941 INFO 6120 [egg-security] use xframe middleware
2020-10-30 16:07:32,942 INFO 6120 [egg-security] use dta middleware
2020-10-30 16:07:32,942 INFO 6120 [egg-security] compose 6 middlewares into one security middleware
2020-10-30 16:07:32,958 INFO 6120 [egg:core] dump config after load, 6ms
2020-10-30 16:07:32,985 INFO 6120 [egg-watcher:application] watcher start success
2020-10-30 16:07:32,998 INFO 6120 [egg-mysql] instance[0] status OK, rds currentTime: Fri Oct 30 2020 16:07:32 GMT+0800 (GMT+08:00)
2020-10-30 16:07:33,011 INFO 6120 [egg:core] dump config after ready, 6ms
2020-10-30 16:08:17,047 INFO 26420 [egg:logger] init all loggers with options: {"dir":"E:\\ZYownStudy\\jspREACT\\REACT_BLOG\\service\\logs\\service","encoding":"utf8","env":"local","level":"INFO","consoleLevel":"INFO","disableConsoleAfterReady":false,"outputJSON":false,"buffer":true,"appLogName":"service-web.log","coreLogName":"egg-web.log","agentLogName":"egg-agent.log","errorLogName":"common-error.log","coreLogger":{"consoleLevel":"WARN"},"allowDebugAtProd":false,"type":"application"}
2020-10-30 16:08:17,081 INFO 26420 [egg-multipart] stream mode enable
2020-10-30 16:08:17,082 INFO 26420 [egg-mysql] connecting root@localhost:3306/react_blog
2020-10-30 16:08:17,219 INFO 26420 [egg-static] starting static serve /public/ -> E:\ZYownStudy\jspREACT\REACT_BLOG\service\app\public
2020-10-30 16:08:17,223 INFO 26420 [egg-security] use methodnoallow middleware
2020-10-30 16:08:17,224 INFO 26420 [egg-security] use noopen middleware
2020-10-30 16:08:17,256 INFO 26420 [egg-security] use nosniff middleware
2020-10-30 16:08:17,257 INFO 26420 [egg-security] use xssProtection middleware
2020-10-30 16:08:17,258 INFO 26420 [egg-security] use xframe middleware
2020-10-30 16:08:17,258 INFO 26420 [egg-security] use dta middleware
2020-10-30 16:08:17,258 INFO 26420 [egg-security] compose 6 middlewares into one security middleware
2020-10-30 16:08:17,286 INFO 26420 [egg:core] dump config after load, 18ms
2020-10-30 16:08:17,323 INFO 26420 [egg-watcher:application] watcher start success
2020-10-30 16:08:17,329 INFO 26420 [egg-mysql] instance[0] status OK, rds currentTime: Fri Oct 30 2020 16:08:17 GMT+0800 (GMT+08:00)
2020-10-30 16:08:17,350 INFO 26420 [egg:core] dump config after ready, 15ms
2020-10-30 16:08:38,853 INFO 14184 [egg:logger] init all loggers with options: {"dir":"E:\\ZYownStudy\\jspREACT\\REACT_BLOG\\service\\logs\\service","encoding":"utf8","env":"local","level":"INFO","consoleLevel":"INFO","disableConsoleAfterReady":false,"outputJSON":false,"buffer":true,"appLogName":"service-web.log","coreLogName":"egg-web.log","agentLogName":"egg-agent.log","errorLogName":"common-error.log","coreLogger":{"consoleLevel":"WARN"},"allowDebugAtProd":false,"type":"application"}
2020-10-30 16:08:38,891 INFO 14184 [egg-multipart] stream mode enable
2020-10-30 16:08:38,892 INFO 14184 [egg-mysql] connecting root@localhost:3306/react_blog
2020-10-30 16:08:39,030 INFO 14184 [egg-static] starting static serve /public/ -> E:\ZYownStudy\jspREACT\REACT_BLOG\service\app\public
2020-10-30 16:08:39,033 INFO 14184 [egg-security] use methodnoallow middleware
2020-10-30 16:08:39,034 INFO 14184 [egg-security] use noopen middleware
2020-10-30 16:08:39,035 INFO 14184 [egg-security] use nosniff middleware
2020-10-30 16:08:39,035 INFO 14184 [egg-security] use xssProtection middleware
2020-10-30 16:08:39,036 INFO 14184 [egg-security] use xframe middleware
2020-10-30 16:08:39,036 INFO 14184 [egg-security] use dta middleware
2020-10-30 16:08:39,036 INFO 14184 [egg-security] compose 6 middlewares into one security middleware
2020-10-30 16:08:39,053 INFO 14184 [egg:core] dump config after load, 7ms
2020-10-30 16:08:39,084 INFO 14184 [egg-watcher:application] watcher start success
2020-10-30 16:08:39,089 INFO 14184 [egg-mysql] instance[0] status OK, rds currentTime: Fri Oct 30 2020 16:08:39 GMT+0800 (GMT+08:00)
2020-10-30 16:08:39,103 INFO 14184 [egg:core] dump config after ready, 6ms
2020-10-30 16:08:53,336 INFO 8724 [egg:logger] init all loggers with options: {"dir":"E:\\ZYownStudy\\jspREACT\\REACT_BLOG\\service\\logs\\service","encoding":"utf8","env":"local","level":"INFO","consoleLevel":"INFO","disableConsoleAfterReady":false,"outputJSON":false,"buffer":true,"appLogName":"service-web.log","coreLogName":"egg-web.log","agentLogName":"egg-agent.log","errorLogName":"common-error.log","coreLogger":{"consoleLevel":"WARN"},"allowDebugAtProd":false,"type":"application"}
2020-10-30 16:08:53,376 INFO 8724 [egg-multipart] stream mode enable
2020-10-30 16:08:53,376 INFO 8724 [egg-mysql] connecting root@localhost:3306/react_blog
2020-10-30 16:08:53,528 INFO 8724 [egg-static] starting static serve /public/ -> E:\ZYownStudy\jspREACT\REACT_BLOG\service\app\public
2020-10-30 16:08:53,531 INFO 8724 [egg-security] use methodnoallow middleware
2020-10-30 16:08:53,532 INFO 8724 [egg-security] use noopen middleware
2020-10-30 16:08:53,533 INFO 8724 [egg-security] use nosniff middleware
2020-10-30 16:08:53,533 INFO 8724 [egg-security] use xssProtection middleware
2020-10-30 16:08:53,534 INFO 8724 [egg-security] use xframe middleware
2020-10-30 16:08:53,534 INFO 8724 [egg-security] use dta middleware
2020-10-30 16:08:53,534 INFO 8724 [egg-security] compose 6 middlewares into one security middleware
2020-10-30 16:08:53,562 INFO 8724 [egg:core] dump config after load, 19ms
2020-10-30 16:08:53,606 INFO 8724 [egg-watcher:application] watcher start success
2020-10-30 16:08:53,612 INFO 8724 [egg-mysql] instance[0] status OK, rds currentTime: Fri Oct 30 2020 16:08:53 GMT+0800 (GMT+08:00)
2020-10-30 16:08:53,627 INFO 8724 [egg:core] dump config after ready, 7ms
2020-10-30 16:42:27,044 INFO 7164 [egg:logger] init all loggers with options: {"dir":"E:\\ZYownStudy\\jspREACT\\REACT_BLOG\\service\\logs\\service","encoding":"utf8","env":"local","level":"INFO","consoleLevel":"INFO","disableConsoleAfterReady":false,"outputJSON":false,"buffer":true,"appLogName":"service-web.log","coreLogName":"egg-web.log","agentLogName":"egg-agent.log","errorLogName":"common-error.log","coreLogger":{"consoleLevel":"WARN"},"allowDebugAtProd":false,"type":"application"}
2020-10-30 16:42:27,082 INFO 7164 [egg-multipart] stream mode enable
2020-10-30 16:42:27,083 INFO 7164 [egg-mysql] connecting root@localhost:3306/react_blog
2020-10-30 16:42:27,229 INFO 7164 [egg-static] starting static serve /public/ -> E:\ZYownStudy\jspREACT\REACT_BLOG\service\app\public
2020-10-30 16:42:27,232 INFO 7164 [egg-security] use methodnoallow middleware
2020-10-30 16:42:27,233 INFO 7164 [egg-security] use noopen middleware
2020-10-30 16:42:27,233 INFO 7164 [egg-security] use nosniff middleware
2020-10-30 16:42:27,234 INFO 7164 [egg-security] use xssProtection middleware
2020-10-30 16:42:27,234 INFO 7164 [egg-security] use xframe middleware
2020-10-30 16:42:27,235 INFO 7164 [egg-security] use dta middleware
2020-10-30 16:42:27,235 INFO 7164 [egg-security] compose 6 middlewares into one security middleware
2020-10-30 16:42:27,252 INFO 7164 [egg:core] dump config after load, 7ms
2020-10-30 16:42:27,284 INFO 7164 [egg-watcher:application] watcher start success
2020-10-30 16:42:27,291 INFO 7164 [egg-mysql] instance[0] status OK, rds currentTime: Fri Oct 30 2020 16:42:27 GMT+0800 (GMT+08:00)
2020-10-30 16:42:27,305 INFO 7164 [egg:core] dump config after ready, 7ms
2020-10-30 16:43:02,397 INFO 25944 [egg:logger] init all loggers with options: {"dir":"E:\\ZYownStudy\\jspREACT\\REACT_BLOG\\service\\logs\\service","encoding":"utf8","env":"local","level":"INFO","consoleLevel":"INFO","disableConsoleAfterReady":false,"outputJSON":false,"buffer":true,"appLogName":"service-web.log","coreLogName":"egg-web.log","agentLogName":"egg-agent.log","errorLogName":"common-error.log","coreLogger":{"consoleLevel":"WARN"},"allowDebugAtProd":false,"type":"application"}
2020-10-30 16:43:02,427 INFO 25944 [egg-multipart] stream mode enable
2020-10-30 16:43:02,428 INFO 25944 [egg-mysql] connecting root@localhost:3306/react_blog
2020-10-30 16:43:02,584 INFO 25944 [egg-static] starting static serve /public/ -> E:\ZYownStudy\jspREACT\REACT_BLOG\service\app\public
2020-10-30 16:43:02,587 INFO 25944 [egg-security] use methodnoallow middleware
2020-10-30 16:43:02,589 INFO 25944 [egg-security] use noopen middleware
2020-10-30 16:43:02,590 INFO 25944 [egg-security] use nosniff middleware
2020-10-30 16:43:02,591 INFO 25944 [egg-security] use xssProtection middleware
2020-10-30 16:43:02,592 INFO 25944 [egg-security] use xframe middleware
2020-10-30 16:43:02,593 INFO 25944 [egg-security] use dta middleware
2020-10-30 16:43:02,593 INFO 25944 [egg-security] compose 6 middlewares into one security middleware
2020-10-30 16:43:02,610 INFO 25944 [egg:core] dump config after load, 9ms
2020-10-30 16:43:02,646 INFO 25944 [egg-watcher:application] watcher start success
2020-10-30 16:43:02,651 INFO 25944 [egg-mysql] instance[0] status OK, rds currentTime: Fri Oct 30 2020 16:43:02 GMT+0800 (GMT+08:00)
2020-10-30 16:43:02,665 INFO 25944 [egg:core] dump config after ready, 7ms
2020-10-30 17:09:23,570 INFO 22852 [egg:logger] init all loggers with options: {"dir":"E:\\ZYownStudy\\jspREACT\\REACT_BLOG\\service\\logs\\service","encoding":"utf8","env":"local","level":"INFO","consoleLevel":"INFO","disableConsoleAfterReady":false,"outputJSON":false,"buffer":true,"appLogName":"service-web.log","coreLogName":"egg-web.log","agentLogName":"egg-agent.log","errorLogName":"common-error.log","coreLogger":{"consoleLevel":"WARN"},"allowDebugAtProd":false,"type":"application"}
2020-10-30 17:09:23,602 INFO 22852 [egg-multipart] stream mode enable
2020-10-30 17:09:23,603 INFO 22852 [egg-mysql] connecting root@localhost:3306/react_blog
2020-10-30 17:09:23,723 INFO 22852 [egg-static] starting static serve /public/ -> E:\ZYownStudy\jspREACT\REACT_BLOG\service\app\public
2020-10-30 17:09:23,725 INFO 22852 [egg-security] use methodnoallow middleware
2020-10-30 17:09:23,726 INFO 22852 [egg-security] use noopen middleware
2020-10-30 17:09:23,726 INFO 22852 [egg-security] use nosniff middleware
2020-10-30 17:09:23,727 INFO 22852 [egg-security] use xssProtection middleware
2020-10-30 17:09:23,727 INFO 22852 [egg-security] use xframe middleware
2020-10-30 17:09:23,728 INFO 22852 [egg-security] use dta middleware
2020-10-30 17:09:23,728 INFO 22852 [egg-security] compose 6 middlewares into one security middleware
2020-10-30 17:09:23,741 INFO 22852 [egg:core] dump config after load, 6ms
2020-10-30 17:09:23,768 INFO 22852 [egg-watcher:application] watcher start success
2020-10-30 17:09:23,773 INFO 22852 [egg-mysql] instance[0] status OK, rds currentTime: Fri Oct 30 2020 17:09:23 GMT+0800 (GMT+08:00)
2020-10-30 17:09:23,785 INFO 22852 [egg:core] dump config after ready, 6ms
2020-12-31 18:02:27,318 INFO 26416 [egg:logger] init all loggers with options: {"dir":"E:\\ZYownStudy\\jspREACT\\REACT_BLOG\\service\\logs\\service","encoding":"utf8","env":"local","level":"INFO","consoleLevel":"INFO","disableConsoleAfterReady":false,"outputJSON":false,"buffer":true,"appLogName":"service-web.log","coreLogName":"egg-web.log","agentLogName":"egg-agent.log","errorLogName":"common-error.log","coreLogger":{"consoleLevel":"WARN"},"allowDebugAtProd":false,"type":"application"}
2020-12-31 18:02:27,351 INFO 26416 [egg-multipart] stream mode enable
2020-12-31 18:02:27,351 INFO 26416 [egg-mysql] connecting root@localhost:3306/react_blog
2020-12-31 18:02:27,473 INFO 26416 [egg-static] starting static serve /public/ -> E:\ZYownStudy\jspREACT\REACT_BLOG\service\app\public
2020-12-31 18:02:27,476 INFO 26416 [egg-security] use methodnoallow middleware
2020-12-31 18:02:27,476 INFO 26416 [egg-security] use noopen middleware
2020-12-31 18:02:27,477 INFO 26416 [egg-security] use nosniff middleware
2020-12-31 18:02:27,478 INFO 26416 [egg-security] use xssProtection middleware
2020-12-31 18:02:27,478 INFO 26416 [egg-security] use xframe middleware
2020-12-31 18:02:27,479 INFO 26416 [egg-security] use dta middleware
2020-12-31 18:02:27,479 INFO 26416 [egg-security] compose 6 middlewares into one security middleware
2020-12-31 18:02:27,495 INFO 26416 [egg:core] dump config after load, 7ms
2020-12-31 18:02:27,523 INFO 26416 [egg-watcher:application] watcher start success
2020-12-31 18:02:27,570 INFO 26416 [egg-mysql] instance[0] status OK, rds currentTime: Thu Dec 31 2020 18:02:27 GMT+0800 (GMT+08:00)
2020-12-31 18:02:27,578 INFO 26416 [egg:core] dump config after ready, 6ms
2020-12-31 18:23:25,631 INFO 9676 [egg:logger] init all loggers with options: {"dir":"E:\\ZYownStudy\\jspREACT\\REACT_BLOG\\service\\logs\\service","encoding":"utf8","env":"local","level":"INFO","consoleLevel":"INFO","disableConsoleAfterReady":false,"outputJSON":false,"buffer":true,"appLogName":"service-web.log","coreLogName":"egg-web.log","agentLogName":"egg-agent.log","errorLogName":"common-error.log","coreLogger":{"consoleLevel":"WARN"},"allowDebugAtProd":false,"type":"application"}
2020-12-31 18:23:25,665 INFO 9676 [egg-multipart] stream mode enable
2020-12-31 18:23:25,666 INFO 9676 [egg-mysql] connecting root@localhost:3306/react_blog
2020-12-31 18:23:25,793 INFO 9676 [egg-static] starting static serve /public/ -> E:\ZYownStudy\jspREACT\REACT_BLOG\service\app\public
2020-12-31 18:23:25,796 INFO 9676 [egg-security] use methodnoallow middleware
2020-12-31 18:23:25,797 INFO 9676 [egg-security] use noopen middleware
2020-12-31 18:23:25,798 INFO 9676 [egg-security] use nosniff middleware
2020-12-31 18:23:25,798 INFO 9676 [egg-security] use xssProtection middleware
2020-12-31 18:23:25,799 INFO 9676 [egg-security] use xframe middleware
2020-12-31 18:23:25,799 INFO 9676 [egg-security] use dta middleware
2020-12-31 18:23:25,799 INFO 9676 [egg-security] compose 6 middlewares into one security middleware
2020-12-31 18:23:25,814 INFO 9676 [egg:core] dump config after load, 7ms
2020-12-31 18:23:25,845 INFO 9676 [egg-watcher:application] watcher start success
2020-12-31 18:23:25,850 INFO 9676 [egg-mysql] instance[0] status OK, rds currentTime: Thu Dec 31 2020 18:23:25 GMT+0800 (GMT+08:00)
2020-12-31 18:23:25,864 INFO 9676 [egg:core] dump config after ready, 6ms
