2020-10-30 16:20:29,360 ERROR 8724 [-/127.0.0.1/-/4ms GET /admin/getArticleById/9] nodejs.ER_PARSE_ERRORError: ER_PARSE_ERROR: You have an error in your SQL syntax; check the manual that corresponds to your MySQL server version for the right syntax to use near 'type.typeName as typeName type.id as typeId FROM article LEFT JOIN type ON artic' at line 1
    at Query.Sequence._packetToError (E:\ZYownStudy\jspREACT\REACT_BLOG\service\node_modules\mysql\lib\protocol\sequences\Sequence.js:47:14)
    at Query.ErrorPacket (E:\ZYownStudy\jspREACT\REACT_BLOG\service\node_modules\mysql\lib\protocol\sequences\Query.js:79:18)
    at Protocol._parsePacket (E:\ZYownStudy\jspREACT\REACT_BLOG\service\node_modules\mysql\lib\protocol\Protocol.js:291:23)
    at Parser._parsePacket (E:\ZYownStudy\jspREACT\REACT_BLOG\service\node_modules\mysql\lib\protocol\Parser.js:433:10)
    at Parser.write (E:\ZYownStudy\jspREACT\REACT_BLOG\service\node_modules\mysql\lib\protocol\Parser.js:43:10)
    at Protocol.write (E:\ZYownStudy\jspREACT\REACT_BLOG\service\node_modules\mysql\lib\protocol\Protocol.js:38:16)
    at Socket.<anonymous> (E:\ZYownStudy\jspREACT\REACT_BLOG\service\node_modules\mysql\lib\Connection.js:88:28)
    at Socket.<anonymous> (E:\ZYownStudy\jspREACT\REACT_BLOG\service\node_modules\mysql\lib\Connection.js:526:10)
    at Socket.emit (events.js:198:13)
    at addChunk (_stream_readable.js:288:12)
    --------------------
    at Pool.query (E:\ZYownStudy\jspREACT\REACT_BLOG\service\node_modules\mysql\lib\Pool.js:199:23)
    at E:\ZYownStudy\jspREACT\REACT_BLOG\service\node_modules\ali-rds\node_modules\pify\index.js:29:7
    at new Promise (<anonymous>)
    at Pool.<anonymous> (E:\ZYownStudy\jspREACT\REACT_BLOG\service\node_modules\ali-rds\node_modules\pify\index.js:12:10)
    at Pool.ret [as query] (E:\ZYownStudy\jspREACT\REACT_BLOG\service\node_modules\ali-rds\node_modules\pify\index.js:56:34)
    at RDSClient.proto._query (E:\ZYownStudy\jspREACT\REACT_BLOG\service\node_modules\ali-rds\lib\client.js:38:20)
    at RDSClient.proto.query (E:\ZYownStudy\jspREACT\REACT_BLOG\service\node_modules\ali-rds\lib\operator.js:54:29)
    at proto.query.next (<anonymous>)
    at onFulfilled (E:\ZYownStudy\jspREACT\REACT_BLOG\service\node_modules\co\index.js:65:19)
    at E:\ZYownStudy\jspREACT\REACT_BLOG\service\node_modules\co\index.js:54:5
    sql: SELECT article.id as id,article.title as title,article.introduce as introduce,FROM_UNIXTIME(article.addTime,'%Y-%m-%d %h:%m:%s' ) as addTime,article.view_count as view_count type.typeName as typeName type.id as typeId FROM article LEFT JOIN type ON article.type_id = type.Id WHERE article.id = 9
code: "ER_PARSE_ERROR"
errno: 1064
sqlMessage: "You have an error in your SQL syntax; check the manual that corresponds to your MySQL server version for the right syntax to use near 'type.typeName as typeName type.id as typeId FROM article LEFT JOIN type ON artic' at line 1"
sqlState: "42000"
index: 0
sql: "SELECT article.id as id,article.title as title,article.introduce as introduce,FROM_UNIXTIME(article.addTime,'%Y-%m-%d %h:%m:%s' ) as addTime,article.view_count as view_count type.typeName as typeName type.id as typeId FROM article LEFT JOIN type ON article.type_id = type.Id WHERE article.id = 9"
name: "ER_PARSE_ERRORError"
pid: 8724
hostname: ZHAOYONG-PC

2020-10-30 16:38:50,113 ERROR 8724 [-/127.0.0.1/-/5ms GET /admin/getArticleById/9] nodejs.ER_PARSE_ERRORError: ER_PARSE_ERROR: You have an error in your SQL syntax; check the manual that corresponds to your MySQL server version for the right syntax to use near 'type.typeName as typeName type.id as typeId FROM article LEFT JOIN type ON artic' at line 1
    at Query.Sequence._packetToError (E:\ZYownStudy\jspREACT\REACT_BLOG\service\node_modules\mysql\lib\protocol\sequences\Sequence.js:47:14)
    at Query.ErrorPacket (E:\ZYownStudy\jspREACT\REACT_BLOG\service\node_modules\mysql\lib\protocol\sequences\Query.js:79:18)
    at Protocol._parsePacket (E:\ZYownStudy\jspREACT\REACT_BLOG\service\node_modules\mysql\lib\protocol\Protocol.js:291:23)
    at Parser._parsePacket (E:\ZYownStudy\jspREACT\REACT_BLOG\service\node_modules\mysql\lib\protocol\Parser.js:433:10)
    at Parser.write (E:\ZYownStudy\jspREACT\REACT_BLOG\service\node_modules\mysql\lib\protocol\Parser.js:43:10)
    at Protocol.write (E:\ZYownStudy\jspREACT\REACT_BLOG\service\node_modules\mysql\lib\protocol\Protocol.js:38:16)
    at Socket.<anonymous> (E:\ZYownStudy\jspREACT\REACT_BLOG\service\node_modules\mysql\lib\Connection.js:88:28)
    at Socket.<anonymous> (E:\ZYownStudy\jspREACT\REACT_BLOG\service\node_modules\mysql\lib\Connection.js:526:10)
    at Socket.emit (events.js:198:13)
    at addChunk (_stream_readable.js:288:12)
    --------------------
    at Pool.query (E:\ZYownStudy\jspREACT\REACT_BLOG\service\node_modules\mysql\lib\Pool.js:199:23)
    at E:\ZYownStudy\jspREACT\REACT_BLOG\service\node_modules\ali-rds\node_modules\pify\index.js:29:7
    at new Promise (<anonymous>)
    at Pool.<anonymous> (E:\ZYownStudy\jspREACT\REACT_BLOG\service\node_modules\ali-rds\node_modules\pify\index.js:12:10)
    at Pool.ret [as query] (E:\ZYownStudy\jspREACT\REACT_BLOG\service\node_modules\ali-rds\node_modules\pify\index.js:56:34)
    at RDSClient.proto._query (E:\ZYownStudy\jspREACT\REACT_BLOG\service\node_modules\ali-rds\lib\client.js:38:20)
    at RDSClient.proto.query (E:\ZYownStudy\jspREACT\REACT_BLOG\service\node_modules\ali-rds\lib\operator.js:54:29)
    at proto.query.next (<anonymous>)
    at onFulfilled (E:\ZYownStudy\jspREACT\REACT_BLOG\service\node_modules\co\index.js:65:19)
    at E:\ZYownStudy\jspREACT\REACT_BLOG\service\node_modules\co\index.js:54:5
    sql: SELECT article.id as id,article.title as title,article.introduce as introduce,FROM_UNIXTIME(article.addTime,'%Y-%m-%d %h:%m:%s' ) as addTime,article.view_count as view_count type.typeName as typeName type.id as typeId FROM article LEFT JOIN type ON article.type_id = type.Id WHERE article.id = 9
code: "ER_PARSE_ERROR"
errno: 1064
sqlMessage: "You have an error in your SQL syntax; check the manual that corresponds to your MySQL server version for the right syntax to use near 'type.typeName as typeName type.id as typeId FROM article LEFT JOIN type ON artic' at line 1"
sqlState: "42000"
index: 0
sql: "SELECT article.id as id,article.title as title,article.introduce as introduce,FROM_UNIXTIME(article.addTime,'%Y-%m-%d %h:%m:%s' ) as addTime,article.view_count as view_count type.typeName as typeName type.id as typeId FROM article LEFT JOIN type ON article.type_id = type.Id WHERE article.id = 9"
name: "ER_PARSE_ERRORError"
pid: 8724
hostname: ZHAOYONG-PC

2020-10-30 16:39:37,269 ERROR 8724 [-/127.0.0.1/-/3ms GET /admin/getArticleById/9] nodejs.ER_PARSE_ERRORError: ER_PARSE_ERROR: You have an error in your SQL syntax; check the manual that corresponds to your MySQL server version for the right syntax to use near 'type.typeName as typeName type.id as typeId FROM article LEFT JOIN type ON artic' at line 1
    at Query.Sequence._packetToError (E:\ZYownStudy\jspREACT\REACT_BLOG\service\node_modules\mysql\lib\protocol\sequences\Sequence.js:47:14)
    at Query.ErrorPacket (E:\ZYownStudy\jspREACT\REACT_BLOG\service\node_modules\mysql\lib\protocol\sequences\Query.js:79:18)
    at Protocol._parsePacket (E:\ZYownStudy\jspREACT\REACT_BLOG\service\node_modules\mysql\lib\protocol\Protocol.js:291:23)
    at Parser._parsePacket (E:\ZYownStudy\jspREACT\REACT_BLOG\service\node_modules\mysql\lib\protocol\Parser.js:433:10)
    at Parser.write (E:\ZYownStudy\jspREACT\REACT_BLOG\service\node_modules\mysql\lib\protocol\Parser.js:43:10)
    at Protocol.write (E:\ZYownStudy\jspREACT\REACT_BLOG\service\node_modules\mysql\lib\protocol\Protocol.js:38:16)
    at Socket.<anonymous> (E:\ZYownStudy\jspREACT\REACT_BLOG\service\node_modules\mysql\lib\Connection.js:88:28)
    at Socket.<anonymous> (E:\ZYownStudy\jspREACT\REACT_BLOG\service\node_modules\mysql\lib\Connection.js:526:10)
    at Socket.emit (events.js:198:13)
    at addChunk (_stream_readable.js:288:12)
    --------------------
    at Pool.query (E:\ZYownStudy\jspREACT\REACT_BLOG\service\node_modules\mysql\lib\Pool.js:199:23)
    at E:\ZYownStudy\jspREACT\REACT_BLOG\service\node_modules\ali-rds\node_modules\pify\index.js:29:7
    at new Promise (<anonymous>)
    at Pool.<anonymous> (E:\ZYownStudy\jspREACT\REACT_BLOG\service\node_modules\ali-rds\node_modules\pify\index.js:12:10)
    at Pool.ret [as query] (E:\ZYownStudy\jspREACT\REACT_BLOG\service\node_modules\ali-rds\node_modules\pify\index.js:56:34)
    at RDSClient.proto._query (E:\ZYownStudy\jspREACT\REACT_BLOG\service\node_modules\ali-rds\lib\client.js:38:20)
    at RDSClient.proto.query (E:\ZYownStudy\jspREACT\REACT_BLOG\service\node_modules\ali-rds\lib\operator.js:54:29)
    at proto.query.next (<anonymous>)
    at onFulfilled (E:\ZYownStudy\jspREACT\REACT_BLOG\service\node_modules\co\index.js:65:19)
    at E:\ZYownStudy\jspREACT\REACT_BLOG\service\node_modules\co\index.js:54:5
    sql: SELECT article.id as id,article.title as title,article.introduce as introduce,FROM_UNIXTIME(article.addTime,'%Y-%m-%d %h:%m:%s' ) as addTime,article.view_count as view_count type.typeName as typeName type.id as typeId FROM article LEFT JOIN type ON article.type_id = type.Id WHERE article.id = 9
code: "ER_PARSE_ERROR"
errno: 1064
sqlMessage: "You have an error in your SQL syntax; check the manual that corresponds to your MySQL server version for the right syntax to use near 'type.typeName as typeName type.id as typeId FROM article LEFT JOIN type ON artic' at line 1"
sqlState: "42000"
index: 0
sql: "SELECT article.id as id,article.title as title,article.introduce as introduce,FROM_UNIXTIME(article.addTime,'%Y-%m-%d %h:%m:%s' ) as addTime,article.view_count as view_count type.typeName as typeName type.id as typeId FROM article LEFT JOIN type ON article.type_id = type.Id WHERE article.id = 9"
name: "ER_PARSE_ERRORError"
pid: 8724
hostname: ZHAOYONG-PC

2020-10-30 16:40:09,270 ERROR 8724 [-/127.0.0.1/-/15ms GET /admin/getArticleById/9] nodejs.ER_PARSE_ERRORError: ER_PARSE_ERROR: You have an error in your SQL syntax; check the manual that corresponds to your MySQL server version for the right syntax to use near 'type.typeName as typeName type.id as typeId FROM article LEFT JOIN type ON artic' at line 1
    at Query.Sequence._packetToError (E:\ZYownStudy\jspREACT\REACT_BLOG\service\node_modules\mysql\lib\protocol\sequences\Sequence.js:47:14)
    at Query.ErrorPacket (E:\ZYownStudy\jspREACT\REACT_BLOG\service\node_modules\mysql\lib\protocol\sequences\Query.js:79:18)
    at Protocol._parsePacket (E:\ZYownStudy\jspREACT\REACT_BLOG\service\node_modules\mysql\lib\protocol\Protocol.js:291:23)
    at Parser._parsePacket (E:\ZYownStudy\jspREACT\REACT_BLOG\service\node_modules\mysql\lib\protocol\Parser.js:433:10)
    at Parser.write (E:\ZYownStudy\jspREACT\REACT_BLOG\service\node_modules\mysql\lib\protocol\Parser.js:43:10)
    at Protocol.write (E:\ZYownStudy\jspREACT\REACT_BLOG\service\node_modules\mysql\lib\protocol\Protocol.js:38:16)
    at Socket.<anonymous> (E:\ZYownStudy\jspREACT\REACT_BLOG\service\node_modules\mysql\lib\Connection.js:88:28)
    at Socket.<anonymous> (E:\ZYownStudy\jspREACT\REACT_BLOG\service\node_modules\mysql\lib\Connection.js:526:10)
    at Socket.emit (events.js:198:13)
    at addChunk (_stream_readable.js:288:12)
    --------------------
    at Pool.query (E:\ZYownStudy\jspREACT\REACT_BLOG\service\node_modules\mysql\lib\Pool.js:199:23)
    at E:\ZYownStudy\jspREACT\REACT_BLOG\service\node_modules\ali-rds\node_modules\pify\index.js:29:7
    at new Promise (<anonymous>)
    at Pool.<anonymous> (E:\ZYownStudy\jspREACT\REACT_BLOG\service\node_modules\ali-rds\node_modules\pify\index.js:12:10)
    at Pool.ret [as query] (E:\ZYownStudy\jspREACT\REACT_BLOG\service\node_modules\ali-rds\node_modules\pify\index.js:56:34)
    at RDSClient.proto._query (E:\ZYownStudy\jspREACT\REACT_BLOG\service\node_modules\ali-rds\lib\client.js:38:20)
    at RDSClient.proto.query (E:\ZYownStudy\jspREACT\REACT_BLOG\service\node_modules\ali-rds\lib\operator.js:54:29)
    at proto.query.next (<anonymous>)
    at onFulfilled (E:\ZYownStudy\jspREACT\REACT_BLOG\service\node_modules\co\index.js:65:19)
    at E:\ZYownStudy\jspREACT\REACT_BLOG\service\node_modules\co\index.js:54:5
    sql: SELECT article.id as id,article.title as title,article.introduce as introduce,FROM_UNIXTIME(article.addTime,'%Y-%m-%d %h:%m:%s' ) as addTime,article.view_count as view_count type.typeName as typeName type.id as typeId FROM article LEFT JOIN type ON article.type_id = type.Id WHERE article.id = 9
code: "ER_PARSE_ERROR"
errno: 1064
sqlMessage: "You have an error in your SQL syntax; check the manual that corresponds to your MySQL server version for the right syntax to use near 'type.typeName as typeName type.id as typeId FROM article LEFT JOIN type ON artic' at line 1"
sqlState: "42000"
index: 0
sql: "SELECT article.id as id,article.title as title,article.introduce as introduce,FROM_UNIXTIME(article.addTime,'%Y-%m-%d %h:%m:%s' ) as addTime,article.view_count as view_count type.typeName as typeName type.id as typeId FROM article LEFT JOIN type ON article.type_id = type.Id WHERE article.id = 9"
name: "ER_PARSE_ERRORError"
pid: 8724
hostname: ZHAOYONG-PC

2020-10-30 16:40:13,510 ERROR 8724 [-/127.0.0.1/-/4ms GET /admin/getArticleById/9] nodejs.ER_PARSE_ERRORError: ER_PARSE_ERROR: You have an error in your SQL syntax; check the manual that corresponds to your MySQL server version for the right syntax to use near 'type.typeName as typeName type.id as typeId FROM article LEFT JOIN type ON artic' at line 1
    at Query.Sequence._packetToError (E:\ZYownStudy\jspREACT\REACT_BLOG\service\node_modules\mysql\lib\protocol\sequences\Sequence.js:47:14)
    at Query.ErrorPacket (E:\ZYownStudy\jspREACT\REACT_BLOG\service\node_modules\mysql\lib\protocol\sequences\Query.js:79:18)
    at Protocol._parsePacket (E:\ZYownStudy\jspREACT\REACT_BLOG\service\node_modules\mysql\lib\protocol\Protocol.js:291:23)
    at Parser._parsePacket (E:\ZYownStudy\jspREACT\REACT_BLOG\service\node_modules\mysql\lib\protocol\Parser.js:433:10)
    at Parser.write (E:\ZYownStudy\jspREACT\REACT_BLOG\service\node_modules\mysql\lib\protocol\Parser.js:43:10)
    at Protocol.write (E:\ZYownStudy\jspREACT\REACT_BLOG\service\node_modules\mysql\lib\protocol\Protocol.js:38:16)
    at Socket.<anonymous> (E:\ZYownStudy\jspREACT\REACT_BLOG\service\node_modules\mysql\lib\Connection.js:88:28)
    at Socket.<anonymous> (E:\ZYownStudy\jspREACT\REACT_BLOG\service\node_modules\mysql\lib\Connection.js:526:10)
    at Socket.emit (events.js:198:13)
    at addChunk (_stream_readable.js:288:12)
    --------------------
    at Pool.query (E:\ZYownStudy\jspREACT\REACT_BLOG\service\node_modules\mysql\lib\Pool.js:199:23)
    at E:\ZYownStudy\jspREACT\REACT_BLOG\service\node_modules\ali-rds\node_modules\pify\index.js:29:7
    at new Promise (<anonymous>)
    at Pool.<anonymous> (E:\ZYownStudy\jspREACT\REACT_BLOG\service\node_modules\ali-rds\node_modules\pify\index.js:12:10)
    at Pool.ret [as query] (E:\ZYownStudy\jspREACT\REACT_BLOG\service\node_modules\ali-rds\node_modules\pify\index.js:56:34)
    at RDSClient.proto._query (E:\ZYownStudy\jspREACT\REACT_BLOG\service\node_modules\ali-rds\lib\client.js:38:20)
    at RDSClient.proto.query (E:\ZYownStudy\jspREACT\REACT_BLOG\service\node_modules\ali-rds\lib\operator.js:54:29)
    at proto.query.next (<anonymous>)
    at onFulfilled (E:\ZYownStudy\jspREACT\REACT_BLOG\service\node_modules\co\index.js:65:19)
    at E:\ZYownStudy\jspREACT\REACT_BLOG\service\node_modules\co\index.js:54:5
    sql: SELECT article.id as id,article.title as title,article.introduce as introduce,FROM_UNIXTIME(article.addTime,'%Y-%m-%d %h:%m:%s' ) as addTime,article.view_count as view_count type.typeName as typeName type.id as typeId FROM article LEFT JOIN type ON article.type_id = type.Id WHERE article.id = 9
code: "ER_PARSE_ERROR"
errno: 1064
sqlMessage: "You have an error in your SQL syntax; check the manual that corresponds to your MySQL server version for the right syntax to use near 'type.typeName as typeName type.id as typeId FROM article LEFT JOIN type ON artic' at line 1"
sqlState: "42000"
index: 0
sql: "SELECT article.id as id,article.title as title,article.introduce as introduce,FROM_UNIXTIME(article.addTime,'%Y-%m-%d %h:%m:%s' ) as addTime,article.view_count as view_count type.typeName as typeName type.id as typeId FROM article LEFT JOIN type ON article.type_id = type.Id WHERE article.id = 9"
name: "ER_PARSE_ERRORError"
pid: 8724
hostname: ZHAOYONG-PC

